build/outputs/logs/manifest-merger-debug-report.txt
-- Merging decision tree log ---
manifest
ADDED from AndroidStudioProjects/Client2/AndroidManifest.xml:2:1-41:12
	package
		ADDED from AndroidStudioProjects/Client2/AndroidManifest.xml:3:5-47
	android:versionName
		ADDED from AndroidStudioProjects/Client2/AndroidManifest.xml:5:5-30
		INJECTED from AndroidStudioProjects/Client2/AndroidManifest.xml
		INJECTED from AndroidStudioProjects/Client2/AndroidManifest.xml
	android:versionCode
		ADDED from AndroidStudioProjects/Client2/AndroidManifest.xml:4:5-28
		INJECTED from AndroidStudioProjects/Client2/AndroidManifest.xml
		INJECTED from AndroidStudioProjects/Client2/AndroidManifest.xml
	xmlns:android
		ADDED from AndroidStudioProjects/Client2/AndroidManifest.xml:2:11-69
uses-sdk
ADDED from AndroidStudioProjects/Client2/AndroidManifest.xml:7:5-9:41
MERGED from [com.android.support:appcompat-v7:22.2.0] AndroidManifest.xml:20:5-43
MERGED from [com.android.support:support-v4:22.2.0] AndroidManifest.xml:20:5-43
MERGED from [com.android.support:design:22.2.0] AndroidManifest.xml:20:5-43
MERGED from [com.android.support:appcompat-v7:22.2.0] AndroidManifest.xml:20:5-43
MERGED from [com.android.support:support-v4:22.2.0] AndroidManifest.xml:20:5-43
MERGED from [com.android.support:support-v4:22.2.0] AndroidManifest.xml:20:5-43
	android:targetSdkVersion
		ADDED from AndroidStudioProjects/Client2/AndroidManifest.xml:9:9-38
	android:minSdkVersion
		ADDED from AndroidStudioProjects/Client2/AndroidManifest.xml:8:9-34
uses-permission#android.permission.INTERNET
ADDED from AndroidStudioProjects/Client2/AndroidManifest.xml:11:5-67
	android:name
		ADDED from AndroidStudioProjects/Client2/AndroidManifest.xml:11:22-64
application
ADDED from AndroidStudioProjects/Client2/AndroidManifest.xml:13:5-39:19
MERGED from [com.android.support:appcompat-v7:22.2.0] AndroidManifest.xml:22:5-20
MERGED from [com.android.support:support-v4:22.2.0] AndroidManifest.xml:22:5-20
MERGED from [com.android.support:design:22.2.0] AndroidManifest.xml:22:5-20
MERGED from [com.android.support:appcompat-v7:22.2.0] AndroidManifest.xml:22:5-20
MERGED from [com.android.support:support-v4:22.2.0] AndroidManifest.xml:22:5-20
MERGED from [com.android.support:support-v4:22.2.0] AndroidManifest.xml:22:5-20
	android:theme
		ADDED from AndroidStudioProjects/Client2/AndroidManifest.xml:15:9-40
activity#matthieu.merrheim.android.client.activity.LoginActivity
ADDED from AndroidStudioProjects/Client2/AndroidManifest.xml:21:9-27:20
	android:name
		ADDED from AndroidStudioProjects/Client2/AndroidManifest.xml:21:19-89
intent-filter#android.intent.action.MAIN+android.intent.category.LAUNCHER
ADDED from AndroidStudioProjects/Client2/AndroidManifest.xml:22:13-26:29
action#android.intent.action.MAIN
ADDED from AndroidStudioProjects/Client2/AndroidManifest.xml:23:17-69
	android:name
		ADDED from AndroidStudioProjects/Client2/AndroidManifest.xml:23:25-66
category#android.intent.category.LAUNCHER
ADDED from AndroidStudioProjects/Client2/AndroidManifest.xml:25:17-77
	android:name
		ADDED from AndroidStudioProjects/Client2/AndroidManifest.xml:25:27-74
activity#matthieu.merrheim.android.client.activity.MessageActivity
ADDED from AndroidStudioProjects/Client2/AndroidManifest.xml:29:9-30:20
	android:name
		ADDED from AndroidStudioProjects/Client2/AndroidManifest.xml:29:19-91
activity#matthieu.merrheim.android.client.activity.SendActivity
ADDED from AndroidStudioProjects/Client2/AndroidManifest.xml:32:9-33:20
	android:name
		ADDED from AndroidStudioProjects/Client2/AndroidManifest.xml:32:19-88
activity#matthieu.merrheim.android.client.activity.RegisterActivity
ADDED from AndroidStudioProjects/Client2/AndroidManifest.xml:35:9-36:20
	android:name
		ADDED from AndroidStudioProjects/Client2/AndroidManifest.xml:35:19-92